{"/Users/hasnain/Herd/driving-test/apps/mobile/components/error-boundary.tsx": {"path":"/Users/hasnain/Herd/driving-test/apps/mobile/components/error-boundary.tsx","statementMap":{"0":{"start":{"line":26,"column":17},"end":{"line":26,"column":32}},"1":{"start":{"line":29,"column":4},"end":{"line":29,"column":21}},"2":{"start":{"line":35,"column":4},"end":{"line":35,"column":72}},"3":{"start":{"line":38,"column":10},"end":{"line":40,"column":3}},"4":{"start":{"line":39,"column":4},"end":{"line":39,"column":35}},"5":{"start":{"line":43,"column":22},"end":{"line":43,"column":32}},"6":{"start":{"line":44,"column":4},"end":{"line":44,"column":43}},"7":{"start":{"line":44,"column":16},"end":{"line":44,"column":43}},"8":{"start":{"line":46,"column":4},"end":{"line":68,"column":6}}},"fnMap":{"0":{"name":"(anonymous_0)","decl":{"start":{"line":28,"column":2},"end":{"line":28,"column":3}},"loc":{"start":{"line":28,"column":55},"end":{"line":30,"column":3}},"line":28},"1":{"name":"(anonymous_1)","decl":{"start":{"line":32,"column":2},"end":{"line":32,"column":3}},"loc":{"start":{"line":32,"column":69},"end":{"line":36,"column":3}},"line":32},"2":{"name":"(anonymous_2)","decl":{"start":{"line":38,"column":10},"end":{"line":38,"column":11}},"loc":{"start":{"line":38,"column":16},"end":{"line":40,"column":3}},"line":38},"3":{"name":"(anonymous_3)","decl":{"start":{"line":42,"column":2},"end":{"line":42,"column":3}},"loc":{"start":{"line":42,"column":11},"end":{"line":69,"column":3}},"line":42}},"branchMap":{"0":{"loc":{"start":{"line":44,"column":4},"end":{"line":44,"column":43}},"type":"if","locations":[{"start":{"line":44,"column":4},"end":{"line":44,"column":43}},{"start":{},"end":{}}],"line":44},"1":{"loc":{"start":{"line":59,"column":9},"end":{"line":66,"column":16}},"type":"cond-expr","locations":[{"start":{"line":60,"column":10},"end":{"line":65,"column":23}},{"start":{"line":66,"column":12},"end":{"line":66,"column":16}}],"line":59},"2":{"loc":{"start":{"line":64,"column":67},"end":{"line":64,"column":90}},"type":"binary-expr","locations":[{"start":{"line":64,"column":67},"end":{"line":64,"column":81}},{"start":{"line":64,"column":85},"end":{"line":64,"column":90}}],"line":64}},"s":{"0":3,"1":2,"2":1,"3":3,"4":1,"5":6,"6":6,"7":4,"8":2},"f":{"0":2,"1":1,"2":1,"3":6},"b":{"0":[4,2],"1":[2,0],"2":[2,0]},"_coverageSchema":"1a1c01bbd47fc00a2c39e90264f33305004495a9","hash":"add27f4393d671120264019f2c8bdc6ea37e24a2"}
,"/Users/hasnain/Herd/driving-test/apps/mobile/components/ui/empty-state.tsx": {"path":"/Users/hasnain/Herd/driving-test/apps/mobile/components/ui/empty-state.tsx","statementMap":{"0":{"start":{"line":33,"column":17},"end":{"line":33,"column":28}},"1":{"start":{"line":35,"column":2},"end":{"line":58,"column":4}}},"fnMap":{"0":{"name":"EmptyState","decl":{"start":{"line":25,"column":16},"end":{"line":25,"column":26}},"loc":{"start":{"line":32,"column":10},"end":{"line":59,"column":1}},"line":32}},"branchMap":{"0":{"loc":{"start":{"line":26,"column":2},"end":{"line":26,"column":16}},"type":"default-arg","locations":[{"start":{"line":26,"column":9},"end":{"line":26,"column":16}}],"line":26},"1":{"loc":{"start":{"line":36,"column":64},"end":{"line":36,"column":79}},"type":"binary-expr","locations":[{"start":{"line":36,"column":64},"end":{"line":36,"column":73}},{"start":{"line":36,"column":77},"end":{"line":36,"column":79}}],"line":36},"2":{"loc":{"start":{"line":41,"column":17},"end":{"line":41,"column":57}},"type":"cond-expr","locations":[{"start":{"line":41,"column":26},"end":{"line":41,"column":40}},{"start":{"line":41,"column":43},"end":{"line":41,"column":57}}],"line":41},"3":{"loc":{"start":{"line":47,"column":7},"end":{"line":51,"column":14}},"type":"cond-expr","locations":[{"start":{"line":48,"column":8},"end":{"line":50,"column":15}},{"start":{"line":51,"column":10},"end":{"line":51,"column":14}}],"line":47},"4":{"loc":{"start":{"line":52,"column":7},"end":{"line":56,"column":14}},"type":"cond-expr","locations":[{"start":{"line":53,"column":8},"end":{"line":55,"column":17}},{"start":{"line":56,"column":10},"end":{"line":56,"column":14}}],"line":52},"5":{"loc":{"start":{"line":52,"column":7},"end":{"line":52,"column":30}},"type":"binary-expr","locations":[{"start":{"line":52,"column":7},"end":{"line":52,"column":18}},{"start":{"line":52,"column":22},"end":{"line":52,"column":30}}],"line":52}},"s":{"0":3,"1":3},"f":{"0":3},"b":{"0":[3],"1":[3,3],"2":[0,3],"3":[1,2],"4":[1,2],"5":[3,1]},"_coverageSchema":"1a1c01bbd47fc00a2c39e90264f33305004495a9","hash":"7a95524db393689c475608bef1ef3b6743a7e0dc"}
,"/Users/hasnain/Herd/driving-test/apps/mobile/components/ui/error-state.tsx": {"path":"/Users/hasnain/Herd/driving-test/apps/mobile/components/ui/error-state.tsx","statementMap":{"0":{"start":{"line":32,"column":2},"end":{"line":49,"column":4}}},"fnMap":{"0":{"name":"ErrorState","decl":{"start":{"line":24,"column":16},"end":{"line":24,"column":26}},"loc":{"start":{"line":31,"column":10},"end":{"line":50,"column":1}},"line":31}},"branchMap":{"0":{"loc":{"start":{"line":25,"column":2},"end":{"line":25,"column":32}},"type":"default-arg","locations":[{"start":{"line":25,"column":10},"end":{"line":25,"column":32}}],"line":25},"1":{"loc":{"start":{"line":26,"column":2},"end":{"line":26,"column":83}},"type":"default-arg","locations":[{"start":{"line":26,"column":12},"end":{"line":26,"column":83}}],"line":26},"2":{"loc":{"start":{"line":28,"column":2},"end":{"line":28,"column":26}},"type":"default-arg","locations":[{"start":{"line":28,"column":15},"end":{"line":28,"column":26}}],"line":28},"3":{"loc":{"start":{"line":29,"column":2},"end":{"line":29,"column":19}},"type":"default-arg","locations":[{"start":{"line":29,"column":9},"end":{"line":29,"column":19}}],"line":29},"4":{"loc":{"start":{"line":33,"column":64},"end":{"line":33,"column":79}},"type":"binary-expr","locations":[{"start":{"line":33,"column":64},"end":{"line":33,"column":73}},{"start":{"line":33,"column":77},"end":{"line":33,"column":79}}],"line":33},"5":{"loc":{"start":{"line":43,"column":7},"end":{"line":47,"column":14}},"type":"cond-expr","locations":[{"start":{"line":44,"column":8},"end":{"line":46,"column":17}},{"start":{"line":47,"column":10},"end":{"line":47,"column":14}}],"line":43}},"s":{"0":5},"f":{"0":5},"b":{"0":[2],"1":[2],"2":[3],"3":[3],"4":[5,5],"5":[3,2]},"_coverageSchema":"1a1c01bbd47fc00a2c39e90264f33305004495a9","hash":"8ed9347bb409ccd3efde93d894bbe976aa56630f"}
,"/Users/hasnain/Herd/driving-test/apps/mobile/components/ui/loading-state.tsx": {"path":"/Users/hasnain/Herd/driving-test/apps/mobile/components/ui/loading-state.tsx","statementMap":{"0":{"start":{"line":17,"column":2},"end":{"line":26,"column":4}}},"fnMap":{"0":{"name":"LoadingState","decl":{"start":{"line":16,"column":16},"end":{"line":16,"column":28}},"loc":{"start":{"line":16,"column":58},"end":{"line":27,"column":1}},"line":16}},"branchMap":{"0":{"loc":{"start":{"line":18,"column":64},"end":{"line":18,"column":79}},"type":"binary-expr","locations":[{"start":{"line":18,"column":64},"end":{"line":18,"column":73}},{"start":{"line":18,"column":77},"end":{"line":18,"column":79}}],"line":18},"1":{"loc":{"start":{"line":20,"column":7},"end":{"line":24,"column":14}},"type":"cond-expr","locations":[{"start":{"line":21,"column":8},"end":{"line":23,"column":15}},{"start":{"line":24,"column":10},"end":{"line":24,"column":14}}],"line":20}},"s":{"0":1},"f":{"0":1},"b":{"0":[1,1],"1":[1,0]},"_coverageSchema":"1a1c01bbd47fc00a2c39e90264f33305004495a9","hash":"ec3b016de211a515afed5c1cf779c8cd0479a42d"}
,"/Users/hasnain/Herd/driving-test/apps/mobile/hooks/use-async.ts": {"path":"/Users/hasnain/Herd/driving-test/apps/mobile/hooks/use-async.ts","statementMap":{"0":{"start":{"line":36,"column":53},"end":{"line":36,"column":60}},"1":{"start":{"line":38,"column":28},"end":{"line":42,"column":4}},"2":{"start":{"line":45,"column":28},"end":{"line":45,"column":39}},"3":{"start":{"line":49,"column":16},"end":{"line":49,"column":26}},"4":{"start":{"line":50,"column":2},"end":{"line":50,"column":21}},"5":{"start":{"line":52,"column":14},"end":{"line":71,"column":31}},"6":{"start":{"line":53,"column":4},"end":{"line":56,"column":5}},"7":{"start":{"line":54,"column":6},"end":{"line":54,"column":73}},"8":{"start":{"line":55,"column":6},"end":{"line":55,"column":23}},"9":{"start":{"line":57,"column":20},"end":{"line":57,"column":25}},"10":{"start":{"line":58,"column":4},"end":{"line":58,"column":75}},"11":{"start":{"line":58,"column":24},"end":{"line":58,"column":72}},"12":{"start":{"line":59,"column":4},"end":{"line":66,"column":6}},"13":{"start":{"line":61,"column":8},"end":{"line":61,"column":80}},"14":{"start":{"line":61,"column":24},"end":{"line":61,"column":80}},"15":{"start":{"line":64,"column":8},"end":{"line":64,"column":90}},"16":{"start":{"line":64,"column":24},"end":{"line":64,"column":90}},"17":{"start":{"line":64,"column":44},"end":{"line":64,"column":87}},"18":{"start":{"line":67,"column":4},"end":{"line":69,"column":6}},"19":{"start":{"line":68,"column":6},"end":{"line":68,"column":23}},"20":{"start":{"line":74,"column":2},"end":{"line":77,"column":28}},"21":{"start":{"line":75,"column":4},"end":{"line":75,"column":31}},"22":{"start":{"line":75,"column":24},"end":{"line":75,"column":31}},"23":{"start":{"line":76,"column":4},"end":{"line":76,"column":17}},"24":{"start":{"line":80,"column":2},"end":{"line":85,"column":4}},"25":{"start":{"line":82,"column":6},"end":{"line":82,"column":34}},"26":{"start":{"line":82,"column":27},"end":{"line":82,"column":34}},"27":{"start":{"line":83,"column":6},"end":{"line":83,"column":19}},"28":{"start":{"line":87,"column":18},"end":{"line":87,"column":63}},"29":{"start":{"line":87,"column":36},"end":{"line":87,"column":58}},"30":{"start":{"line":87,"column":52},"end":{"line":87,"column":57}},"31":{"start":{"line":89,"column":2},"end":{"line":89,"column":81}}},"fnMap":{"0":{"name":"useAsync","decl":{"start":{"line":31,"column":16},"end":{"line":31,"column":24}},"loc":{"start":{"line":35,"column":17},"end":{"line":90,"column":1}},"line":35},"1":{"name":"(anonymous_1)","decl":{"start":{"line":52,"column":26},"end":{"line":52,"column":27}},"loc":{"start":{"line":52,"column":32},"end":{"line":71,"column":3}},"line":52},"2":{"name":"(anonymous_2)","decl":{"start":{"line":58,"column":13},"end":{"line":58,"column":14}},"loc":{"start":{"line":58,"column":24},"end":{"line":58,"column":72}},"line":58},"3":{"name":"(anonymous_3)","decl":{"start":{"line":60,"column":6},"end":{"line":60,"column":7}},"loc":{"start":{"line":60,"column":16},"end":{"line":62,"column":7}},"line":60},"4":{"name":"(anonymous_4)","decl":{"start":{"line":63,"column":6},"end":{"line":63,"column":7}},"loc":{"start":{"line":63,"column":17},"end":{"line":65,"column":7}},"line":63},"5":{"name":"(anonymous_5)","decl":{"start":{"line":64,"column":33},"end":{"line":64,"column":34}},"loc":{"start":{"line":64,"column":44},"end":{"line":64,"column":87}},"line":64},"6":{"name":"(anonymous_6)","decl":{"start":{"line":67,"column":11},"end":{"line":67,"column":12}},"loc":{"start":{"line":67,"column":17},"end":{"line":69,"column":5}},"line":67},"7":{"name":"(anonymous_7)","decl":{"start":{"line":74,"column":12},"end":{"line":74,"column":13}},"loc":{"start":{"line":74,"column":18},"end":{"line":77,"column":3}},"line":74},"8":{"name":"(anonymous_8)","decl":{"start":{"line":81,"column":16},"end":{"line":81,"column":17}},"loc":{"start":{"line":81,"column":22},"end":{"line":84,"column":5}},"line":81},"9":{"name":"(anonymous_9)","decl":{"start":{"line":87,"column":30},"end":{"line":87,"column":31}},"loc":{"start":{"line":87,"column":36},"end":{"line":87,"column":58}},"line":87},"10":{"name":"(anonymous_10)","decl":{"start":{"line":87,"column":45},"end":{"line":87,"column":46}},"loc":{"start":{"line":87,"column":52},"end":{"line":87,"column":57}},"line":87}},"branchMap":{"0":{"loc":{"start":{"line":34,"column":2},"end":{"line":34,"column":23}},"type":"default-arg","locations":[{"start":{"line":34,"column":21},"end":{"line":34,"column":23}}],"line":34},"1":{"loc":{"start":{"line":36,"column":10},"end":{"line":36,"column":24}},"type":"default-arg","locations":[{"start":{"line":36,"column":20},"end":{"line":36,"column":24}}],"line":36},"2":{"loc":{"start":{"line":36,"column":26},"end":{"line":36,"column":48}},"type":"default-arg","locations":[{"start":{"line":36,"column":43},"end":{"line":36,"column":48}}],"line":36},"3":{"loc":{"start":{"line":39,"column":12},"end":{"line":39,"column":43}},"type":"cond-expr","locations":[{"start":{"line":39,"column":22},"end":{"line":39,"column":31}},{"start":{"line":39,"column":34},"end":{"line":39,"column":43}}],"line":39},"4":{"loc":{"start":{"line":53,"column":4},"end":{"line":56,"column":5}},"type":"if","locations":[{"start":{"line":53,"column":4},"end":{"line":56,"column":5}},{"start":{},"end":{}}],"line":53},"5":{"loc":{"start":{"line":61,"column":8},"end":{"line":61,"column":80}},"type":"if","locations":[{"start":{"line":61,"column":8},"end":{"line":61,"column":80}},{"start":{},"end":{}}],"line":61},"6":{"loc":{"start":{"line":64,"column":8},"end":{"line":64,"column":90}},"type":"if","locations":[{"start":{"line":64,"column":8},"end":{"line":64,"column":90}},{"start":{},"end":{}}],"line":64},"7":{"loc":{"start":{"line":75,"column":4},"end":{"line":75,"column":31}},"type":"if","locations":[{"start":{"line":75,"column":4},"end":{"line":75,"column":31}},{"start":{},"end":{}}],"line":75},"8":{"loc":{"start":{"line":82,"column":6},"end":{"line":82,"column":34}},"type":"if","locations":[{"start":{"line":82,"column":6},"end":{"line":82,"column":34}},{"start":{},"end":{}}],"line":82}},"s":{"0":20,"1":20,"2":20,"3":20,"4":20,"5":20,"6":7,"7":1,"8":1,"9":6,"10":6,"11":6,"12":6,"13":5,"14":5,"15":1,"16":1,"17":1,"18":6,"19":6,"20":20,"21":7,"22":0,"23":7,"24":20,"25":7,"26":7,"27":0,"28":20,"29":2,"30":2,"31":20},"f":{"0":20,"1":7,"2":6,"3":5,"4":1,"5":1,"6":6,"7":7,"8":7,"9":2,"10":2},"b":{"0":[18],"1":[18],"2":[20],"3":[18,2],"4":[1,6],"5":[5,0],"6":[1,0],"7":[0,7],"8":[7,0]},"_coverageSchema":"1a1c01bbd47fc00a2c39e90264f33305004495a9","hash":"e2b3b1d4c427ee8f6a4fb08cafa187884b1705d4"}
,"/Users/hasnain/Herd/driving-test/apps/mobile/hooks/use-form-errors.ts": {"path":"/Users/hasnain/Herd/driving-test/apps/mobile/hooks/use-form-errors.ts","statementMap":{"0":{"start":{"line":13,"column":30},"end":{"line":13,"column":60}},"1":{"start":{"line":15,"column":21},"end":{"line":22,"column":8}},"2":{"start":{"line":16,"column":4},"end":{"line":21,"column":7}},"3":{"start":{"line":17,"column":6},"end":{"line":17,"column":36}},"4":{"start":{"line":17,"column":24},"end":{"line":17,"column":36}},"5":{"start":{"line":18,"column":19},"end":{"line":18,"column":30}},"6":{"start":{"line":19,"column":6},"end":{"line":19,"column":25}},"7":{"start":{"line":20,"column":6},"end":{"line":20,"column":18}},"8":{"start":{"line":25,"column":19},"end":{"line":25,"column":79}},"9":{"start":{"line":25,"column":50},"end":{"line":25,"column":68}},"10":{"start":{"line":27,"column":2},"end":{"line":27,"column":53}}},"fnMap":{"0":{"name":"useFormErrors","decl":{"start":{"line":12,"column":16},"end":{"line":12,"column":29}},"loc":{"start":{"line":12,"column":57},"end":{"line":28,"column":1}},"line":12},"1":{"name":"(anonymous_1)","decl":{"start":{"line":15,"column":33},"end":{"line":15,"column":34}},"loc":{"start":{"line":15,"column":52},"end":{"line":22,"column":3}},"line":15},"2":{"name":"(anonymous_2)","decl":{"start":{"line":16,"column":14},"end":{"line":16,"column":15}},"loc":{"start":{"line":16,"column":24},"end":{"line":21,"column":5}},"line":16},"3":{"name":"(anonymous_3)","decl":{"start":{"line":25,"column":31},"end":{"line":25,"column":32}},"loc":{"start":{"line":25,"column":50},"end":{"line":25,"column":68}},"line":25}},"branchMap":{"0":{"loc":{"start":{"line":12,"column":30},"end":{"line":12,"column":55}},"type":"default-arg","locations":[{"start":{"line":12,"column":53},"end":{"line":12,"column":55}}],"line":12},"1":{"loc":{"start":{"line":17,"column":6},"end":{"line":17,"column":36}},"type":"if","locations":[{"start":{"line":17,"column":6},"end":{"line":17,"column":36}},{"start":{},"end":{}}],"line":17}},"s":{"0":9,"1":9,"2":2,"3":2,"4":1,"5":1,"6":1,"7":1,"8":9,"9":5,"10":9},"f":{"0":9,"1":2,"2":2,"3":5},"b":{"0":[8],"1":[1,1]},"_coverageSchema":"1a1c01bbd47fc00a2c39e90264f33305004495a9","hash":"0b3a57a82504db37e879644c3fa6c69a27fda193"}
,"/Users/hasnain/Herd/driving-test/apps/mobile/lib/validation.ts": {"path":"/Users/hasnain/Herd/driving-test/apps/mobile/lib/validation.ts","statementMap":{"0":{"start":{"line":9,"column":27},"end":{"line":9,"column":55}},"1":{"start":{"line":12,"column":35},"end":{"line":12,"column":36}},"2":{"start":{"line":15,"column":2},"end":{"line":15,"column":51}},"3":{"start":{"line":15,"column":21},"end":{"line":15,"column":51}},"4":{"start":{"line":16,"column":2},"end":{"line":16,"column":19}},"5":{"start":{"line":20,"column":16},"end":{"line":20,"column":28}},"6":{"start":{"line":21,"column":2},"end":{"line":21,"column":41}},"7":{"start":{"line":21,"column":14},"end":{"line":21,"column":41}},"8":{"start":{"line":22,"column":2},"end":{"line":22,"column":69}},"9":{"start":{"line":22,"column":32},"end":{"line":22,"column":69}},"10":{"start":{"line":23,"column":2},"end":{"line":23,"column":19}},"11":{"start":{"line":28,"column":2},"end":{"line":28,"column":44}},"12":{"start":{"line":28,"column":14},"end":{"line":28,"column":44}},"13":{"start":{"line":29,"column":2},"end":{"line":29,"column":19}},"14":{"start":{"line":34,"column":2},"end":{"line":34,"column":44}},"15":{"start":{"line":34,"column":14},"end":{"line":34,"column":44}},"16":{"start":{"line":35,"column":2},"end":{"line":37,"column":3}},"17":{"start":{"line":36,"column":4},"end":{"line":36,"column":73}},"18":{"start":{"line":38,"column":2},"end":{"line":38,"column":19}},"19":{"start":{"line":46,"column":2},"end":{"line":46,"column":38}},"20":{"start":{"line":46,"column":23},"end":{"line":46,"column":38}},"21":{"start":{"line":47,"column":2},"end":{"line":47,"column":19}},"22":{"start":{"line":58,"column":43},"end":{"line":58,"column":45}},"23":{"start":{"line":59,"column":2},"end":{"line":61,"column":3}},"24":{"start":{"line":60,"column":4},"end":{"line":60,"column":41}},"25":{"start":{"line":60,"column":17},"end":{"line":60,"column":41}},"26":{"start":{"line":62,"column":2},"end":{"line":62,"column":16}}},"fnMap":{"0":{"name":"validateRequired","decl":{"start":{"line":14,"column":16},"end":{"line":14,"column":32}},"loc":{"start":{"line":14,"column":83},"end":{"line":17,"column":1}},"line":14},"1":{"name":"validateEmail","decl":{"start":{"line":19,"column":16},"end":{"line":19,"column":29}},"loc":{"start":{"line":19,"column":65},"end":{"line":24,"column":1}},"line":19},"2":{"name":"validatePasswordPresent","decl":{"start":{"line":27,"column":16},"end":{"line":27,"column":39}},"loc":{"start":{"line":27,"column":75},"end":{"line":30,"column":1}},"line":27},"3":{"name":"validateNewPassword","decl":{"start":{"line":33,"column":16},"end":{"line":33,"column":35}},"loc":{"start":{"line":33,"column":71},"end":{"line":39,"column":1}},"line":33},"4":{"name":"validateMatch","decl":{"start":{"line":41,"column":16},"end":{"line":41,"column":29}},"loc":{"start":{"line":45,"column":22},"end":{"line":48,"column":1}},"line":45},"5":{"name":"collectErrors","decl":{"start":{"line":55,"column":16},"end":{"line":55,"column":29}},"loc":{"start":{"line":57,"column":28},"end":{"line":63,"column":1}},"line":57}},"branchMap":{"0":{"loc":{"start":{"line":15,"column":2},"end":{"line":15,"column":51}},"type":"if","locations":[{"start":{"line":15,"column":2},"end":{"line":15,"column":51}},{"start":{},"end":{}}],"line":15},"1":{"loc":{"start":{"line":21,"column":2},"end":{"line":21,"column":41}},"type":"if","locations":[{"start":{"line":21,"column":2},"end":{"line":21,"column":41}},{"start":{},"end":{}}],"line":21},"2":{"loc":{"start":{"line":22,"column":2},"end":{"line":22,"column":69}},"type":"if","locations":[{"start":{"line":22,"column":2},"end":{"line":22,"column":69}},{"start":{},"end":{}}],"line":22},"3":{"loc":{"start":{"line":28,"column":2},"end":{"line":28,"column":44}},"type":"if","locations":[{"start":{"line":28,"column":2},"end":{"line":28,"column":44}},{"start":{},"end":{}}],"line":28},"4":{"loc":{"start":{"line":34,"column":2},"end":{"line":34,"column":44}},"type":"if","locations":[{"start":{"line":34,"column":2},"end":{"line":34,"column":44}},{"start":{},"end":{}}],"line":34},"5":{"loc":{"start":{"line":35,"column":2},"end":{"line":37,"column":3}},"type":"if","locations":[{"start":{"line":35,"column":2},"end":{"line":37,"column":3}},{"start":{},"end":{}}],"line":35},"6":{"loc":{"start":{"line":44,"column":2},"end":{"line":44,"column":36}},"type":"default-arg","locations":[{"start":{"line":44,"column":12},"end":{"line":44,"column":36}}],"line":44},"7":{"loc":{"start":{"line":46,"column":2},"end":{"line":46,"column":38}},"type":"if","locations":[{"start":{"line":46,"column":2},"end":{"line":46,"column":38}},{"start":{},"end":{}}],"line":46},"8":{"loc":{"start":{"line":60,"column":4},"end":{"line":60,"column":41}},"type":"if","locations":[{"start":{"line":60,"column":4},"end":{"line":60,"column":41}},{"start":{},"end":{}}],"line":60}},"s":{"0":1,"1":1,"2":4,"3":2,"4":2,"5":11,"6":11,"7":2,"8":9,"9":5,"10":4,"11":5,"12":2,"13":3,"14":3,"15":1,"16":2,"17":1,"18":1,"19":3,"20":2,"21":1,"22":2,"23":2,"24":5,"25":2,"26":2},"f":{"0":4,"1":11,"2":5,"3":3,"4":3,"5":2},"b":{"0":[2,2],"1":[2,9],"2":[5,4],"3":[2,3],"4":[1,2],"5":[1,1],"6":[2],"7":[2,1],"8":[2,3]},"_coverageSchema":"1a1c01bbd47fc00a2c39e90264f33305004495a9","hash":"520bffb27555a41e555c4b69d9e60ffe0c7d2a18"}
,"/Users/hasnain/Herd/driving-test/apps/mobile/services/api/progressService.ts": {"path":"/Users/hasnain/Herd/driving-test/apps/mobile/services/api/progressService.ts","statementMap":{"0":{"start":{"line":33,"column":19},"end":{"line":33,"column":79}},"1":{"start":{"line":33,"column":50},"end":{"line":33,"column":79}},"2":{"start":{"line":47,"column":21},"end":{"line":47,"column":102}},"3":{"start":{"line":48,"column":42},"end":{"line":55,"column":4}},"4":{"start":{"line":50,"column":61},"end":{"line":50,"column":65}},"5":{"start":{"line":54,"column":37},"end":{"line":54,"column":39}},"6":{"start":{"line":57,"column":19},"end":{"line":57,"column":71}},"7":{"start":{"line":57,"column":41},"end":{"line":57,"column":70}},"8":{"start":{"line":58,"column":16},"end":{"line":58,"column":68}},"9":{"start":{"line":58,"column":38},"end":{"line":58,"column":67}},"10":{"start":{"line":61,"column":20},"end":{"line":61,"column":63}},"11":{"start":{"line":61,"column":43},"end":{"line":61,"column":62}},"12":{"start":{"line":62,"column":19},"end":{"line":62,"column":63}},"13":{"start":{"line":62,"column":42},"end":{"line":62,"column":62}},"14":{"start":{"line":64,"column":29},"end":{"line":64,"column":65}},"15":{"start":{"line":64,"column":53},"end":{"line":64,"column":64}},"16":{"start":{"line":65,"column":18},"end":{"line":65,"column":55}},"17":{"start":{"line":68,"column":4},"end":{"line":71,"column":8}},"18":{"start":{"line":68,"column":25},"end":{"line":68,"column":50}},"19":{"start":{"line":69,"column":25},"end":{"line":69,"column":34}},"20":{"start":{"line":73,"column":4},"end":{"line":76,"column":8}},"21":{"start":{"line":73,"column":26},"end":{"line":73,"column":51}},"22":{"start":{"line":74,"column":26},"end":{"line":74,"column":35}},"23":{"start":{"line":77,"column":20},"end":{"line":77,"column":36}},"24":{"start":{"line":79,"column":2},"end":{"line":96,"column":4}},"25":{"start":{"line":82,"column":46},"end":{"line":82,"column":57}},"26":{"start":{"line":83,"column":43},"end":{"line":83,"column":65}},"27":{"start":{"line":85,"column":36},"end":{"line":85,"column":58}},"28":{"start":{"line":88,"column":69},"end":{"line":88,"column":92}},"29":{"start":{"line":89,"column":57},"end":{"line":89,"column":80}}},"fnMap":{"0":{"name":"(anonymous_0)","decl":{"start":{"line":33,"column":19},"end":{"line":33,"column":20}},"loc":{"start":{"line":33,"column":50},"end":{"line":33,"column":79}},"line":33},"1":{"name":"fetchProgressSummary","decl":{"start":{"line":43,"column":22},"end":{"line":43,"column":42}},"loc":{"start":{"line":43,"column":106},"end":{"line":97,"column":1}},"line":43},"2":{"name":"(anonymous_2)","decl":{"start":{"line":50,"column":55},"end":{"line":50,"column":56}},"loc":{"start":{"line":50,"column":61},"end":{"line":50,"column":65}},"line":50},"3":{"name":"(anonymous_3)","decl":{"start":{"line":54,"column":31},"end":{"line":54,"column":32}},"loc":{"start":{"line":54,"column":37},"end":{"line":54,"column":39}},"line":54},"4":{"name":"(anonymous_4)","decl":{"start":{"line":57,"column":34},"end":{"line":57,"column":35}},"loc":{"start":{"line":57,"column":41},"end":{"line":57,"column":70}},"line":57},"5":{"name":"(anonymous_5)","decl":{"start":{"line":58,"column":31},"end":{"line":58,"column":32}},"loc":{"start":{"line":58,"column":38},"end":{"line":58,"column":67}},"line":58},"6":{"name":"(anonymous_6)","decl":{"start":{"line":61,"column":36},"end":{"line":61,"column":37}},"loc":{"start":{"line":61,"column":43},"end":{"line":61,"column":62}},"line":61},"7":{"name":"(anonymous_7)","decl":{"start":{"line":62,"column":35},"end":{"line":62,"column":36}},"loc":{"start":{"line":62,"column":42},"end":{"line":62,"column":62}},"line":62},"8":{"name":"(anonymous_8)","decl":{"start":{"line":64,"column":46},"end":{"line":64,"column":47}},"loc":{"start":{"line":64,"column":53},"end":{"line":64,"column":64}},"line":64},"9":{"name":"(anonymous_9)","decl":{"start":{"line":68,"column":18},"end":{"line":68,"column":19}},"loc":{"start":{"line":68,"column":25},"end":{"line":68,"column":50}},"line":68},"10":{"name":"(anonymous_10)","decl":{"start":{"line":69,"column":18},"end":{"line":69,"column":19}},"loc":{"start":{"line":69,"column":25},"end":{"line":69,"column":34}},"line":69},"11":{"name":"(anonymous_11)","decl":{"start":{"line":73,"column":19},"end":{"line":73,"column":20}},"loc":{"start":{"line":73,"column":26},"end":{"line":73,"column":51}},"line":73},"12":{"name":"(anonymous_12)","decl":{"start":{"line":74,"column":19},"end":{"line":74,"column":20}},"loc":{"start":{"line":74,"column":26},"end":{"line":74,"column":35}},"line":74},"13":{"name":"(anonymous_13)","decl":{"start":{"line":82,"column":39},"end":{"line":82,"column":40}},"loc":{"start":{"line":82,"column":46},"end":{"line":82,"column":57}},"line":82},"14":{"name":"(anonymous_14)","decl":{"start":{"line":83,"column":36},"end":{"line":83,"column":37}},"loc":{"start":{"line":83,"column":43},"end":{"line":83,"column":65}},"line":83},"15":{"name":"(anonymous_15)","decl":{"start":{"line":85,"column":29},"end":{"line":85,"column":30}},"loc":{"start":{"line":85,"column":36},"end":{"line":85,"column":58}},"line":85},"16":{"name":"(anonymous_16)","decl":{"start":{"line":88,"column":57},"end":{"line":88,"column":58}},"loc":{"start":{"line":88,"column":69},"end":{"line":88,"column":92}},"line":88},"17":{"name":"(anonymous_17)","decl":{"start":{"line":89,"column":45},"end":{"line":89,"column":46}},"loc":{"start":{"line":89,"column":57},"end":{"line":89,"column":80}},"line":89}},"branchMap":{"0":{"loc":{"start":{"line":33,"column":67},"end":{"line":33,"column":78}},"type":"binary-expr","locations":[{"start":{"line":33,"column":67},"end":{"line":33,"column":72}},{"start":{"line":33,"column":76},"end":{"line":33,"column":78}}],"line":33},"1":{"loc":{"start":{"line":65,"column":18},"end":{"line":65,"column":55}},"type":"binary-expr","locations":[{"start":{"line":65,"column":18},"end":{"line":65,"column":47}},{"start":{"line":65,"column":51},"end":{"line":65,"column":55}}],"line":65},"2":{"loc":{"start":{"line":68,"column":4},"end":{"line":71,"column":8}},"type":"binary-expr","locations":[{"start":{"line":68,"column":4},"end":{"line":68,"column":51}},{"start":{"line":69,"column":4},"end":{"line":69,"column":35}},{"start":{"line":70,"column":4},"end":{"line":70,"column":15}},{"start":{"line":71,"column":4},"end":{"line":71,"column":8}}],"line":68},"3":{"loc":{"start":{"line":68,"column":25},"end":{"line":68,"column":50}},"type":"binary-expr","locations":[{"start":{"line":68,"column":25},"end":{"line":68,"column":37}},{"start":{"line":68,"column":41},"end":{"line":68,"column":50}}],"line":68},"4":{"loc":{"start":{"line":73,"column":4},"end":{"line":76,"column":8}},"type":"binary-expr","locations":[{"start":{"line":73,"column":4},"end":{"line":73,"column":52}},{"start":{"line":74,"column":4},"end":{"line":74,"column":36}},{"start":{"line":75,"column":4},"end":{"line":75,"column":16}},{"start":{"line":76,"column":4},"end":{"line":76,"column":8}}],"line":73},"5":{"loc":{"start":{"line":73,"column":26},"end":{"line":73,"column":51}},"type":"binary-expr","locations":[{"start":{"line":73,"column":26},"end":{"line":73,"column":38}},{"start":{"line":73,"column":42},"end":{"line":73,"column":51}}],"line":73},"6":{"loc":{"start":{"line":77,"column":20},"end":{"line":77,"column":36}},"type":"binary-expr","locations":[{"start":{"line":77,"column":20},"end":{"line":77,"column":28}},{"start":{"line":77,"column":32},"end":{"line":77,"column":36}}],"line":77},"7":{"loc":{"start":{"line":80,"column":23},"end":{"line":80,"column":65}},"type":"cond-expr","locations":[{"start":{"line":80,"column":42},"end":{"line":80,"column":43}},{"start":{"line":80,"column":46},"end":{"line":80,"column":65}}],"line":80},"8":{"loc":{"start":{"line":81,"column":27},"end":{"line":81,"column":57}},"type":"binary-expr","locations":[{"start":{"line":81,"column":27},"end":{"line":81,"column":52}},{"start":{"line":81,"column":56},"end":{"line":81,"column":57}}],"line":81},"9":{"loc":{"start":{"line":92,"column":24},"end":{"line":92,"column":69}},"type":"cond-expr","locations":[{"start":{"line":92,"column":39},"end":{"line":92,"column":62}},{"start":{"line":92,"column":65},"end":{"line":92,"column":69}}],"line":92},"10":{"loc":{"start":{"line":93,"column":20},"end":{"line":93,"column":65}},"type":"cond-expr","locations":[{"start":{"line":93,"column":35},"end":{"line":93,"column":58}},{"start":{"line":93,"column":61},"end":{"line":93,"column":65}}],"line":93},"11":{"loc":{"start":{"line":94,"column":16},"end":{"line":94,"column":55}},"type":"cond-expr","locations":[{"start":{"line":94,"column":28},"end":{"line":94,"column":48}},{"start":{"line":94,"column":51},"end":{"line":94,"column":55}}],"line":94},"12":{"loc":{"start":{"line":95,"column":16},"end":{"line":95,"column":42}},"type":"binary-expr","locations":[{"start":{"line":95,"column":16},"end":{"line":95,"column":33}},{"start":{"line":95,"column":37},"end":{"line":95,"column":42}}],"line":95}},"s":{"0":1,"1":10,"2":4,"3":4,"4":1,"5":1,"6":3,"7":6,"8":3,"9":6,"10":3,"11":5,"12":3,"13":5,"14":3,"15":1,"16":3,"17":3,"18":4,"19":1,"20":3,"21":1,"22":1,"23":3,"24":3,"25":4,"26":4,"27":1,"28":1,"29":1},"f":{"0":10,"1":4,"2":1,"3":1,"4":6,"5":6,"6":5,"7":5,"8":1,"9":4,"10":1,"11":1,"12":1,"13":4,"14":4,"15":1,"16":1,"17":1},"b":{"0":[10,0],"1":[3,1],"2":[3,1,0,0],"3":[4,2],"4":[3,3,2,2],"5":[1,0],"6":[3,2],"7":[1,2],"8":[3,1],"9":[3,0],"10":[1,2],"11":[1,2],"12":[3,2]},"_coverageSchema":"1a1c01bbd47fc00a2c39e90264f33305004495a9","hash":"770bc22dab2be15b87edfaf42d4b931f5805fff5"}
,"/Users/hasnain/Herd/driving-test/apps/mobile/services/api/todayService.ts": {"path":"/Users/hasnain/Herd/driving-test/apps/mobile/services/api/todayService.ts","statementMap":{"0":{"start":{"line":55,"column":47},"end":{"line":59,"column":3}},"1":{"start":{"line":60,"column":2},"end":{"line":62,"column":4}},"2":{"start":{"line":73,"column":14},"end":{"line":73,"column":60}},"3":{"start":{"line":74,"column":2},"end":{"line":74,"column":53}},"4":{"start":{"line":78,"column":2},"end":{"line":85,"column":4}},"5":{"start":{"line":89,"column":2},"end":{"line":94,"column":4}},"6":{"start":{"line":100,"column":28},"end":{"line":100,"column":47}},"7":{"start":{"line":120,"column":51},"end":{"line":126,"column":4}},"8":{"start":{"line":124,"column":38},"end":{"line":124,"column":40}},"9":{"start":{"line":125,"column":66},"end":{"line":125,"column":68}},"10":{"start":{"line":130,"column":26},"end":{"line":130,"column":81}},"11":{"start":{"line":130,"column":51},"end":{"line":130,"column":80}},"12":{"start":{"line":131,"column":22},"end":{"line":131,"column":77}},"13":{"start":{"line":131,"column":47},"end":{"line":131,"column":76}},"14":{"start":{"line":133,"column":23},"end":{"line":133,"column":54}},"15":{"start":{"line":134,"column":2},"end":{"line":139,"column":3}},"16":{"start":{"line":135,"column":23},"end":{"line":135,"column":40}},"17":{"start":{"line":136,"column":4},"end":{"line":136,"column":43}},"18":{"start":{"line":136,"column":34},"end":{"line":136,"column":43}},"19":{"start":{"line":137,"column":4},"end":{"line":137,"column":72}},"20":{"start":{"line":137,"column":39},"end":{"line":137,"column":72}},"21":{"start":{"line":138,"column":4},"end":{"line":138,"column":45}},"22":{"start":{"line":141,"column":53},"end":{"line":141,"column":55}},"23":{"start":{"line":142,"column":2},"end":{"line":151,"column":3}},"24":{"start":{"line":143,"column":4},"end":{"line":143,"column":57}},"25":{"start":{"line":143,"column":48},"end":{"line":143,"column":57}},"26":{"start":{"line":144,"column":20},"end":{"line":144,"column":49}},"27":{"start":{"line":145,"column":4},"end":{"line":145,"column":51}},"28":{"start":{"line":145,"column":42},"end":{"line":145,"column":51}},"29":{"start":{"line":146,"column":4},"end":{"line":150,"column":7}},"30":{"start":{"line":149,"column":32},"end":{"line":149,"column":50}},"31":{"start":{"line":152,"column":23},"end":{"line":152,"column":78}},"32":{"start":{"line":152,"column":46},"end":{"line":152,"column":77}},"33":{"start":{"line":153,"column":30},"end":{"line":153,"column":90}},"34":{"start":{"line":154,"column":2},"end":{"line":160,"column":3}},"35":{"start":{"line":155,"column":4},"end":{"line":159,"column":7}},"36":{"start":{"line":158,"column":44},"end":{"line":158,"column":62}},"37":{"start":{"line":162,"column":35},"end":{"line":165,"column":5}},"38":{"start":{"line":162,"column":68},"end":{"line":165,"column":3}},"39":{"start":{"line":167,"column":19},"end":{"line":167,"column":41}},"40":{"start":{"line":168,"column":41},"end":{"line":177,"column":10}},"41":{"start":{"line":179,"column":2},"end":{"line":183,"column":4}},"42":{"start":{"line":195,"column":24},"end":{"line":195,"column":60}},"43":{"start":{"line":195,"column":50},"end":{"line":195,"column":59}},"44":{"start":{"line":197,"column":4},"end":{"line":200,"column":8}},"45":{"start":{"line":197,"column":30},"end":{"line":197,"column":66}},"46":{"start":{"line":198,"column":30},"end":{"line":198,"column":39}},"47":{"start":{"line":202,"column":2},"end":{"line":210,"column":11}},"48":{"start":{"line":224,"column":43},"end":{"line":224,"column":47}},"49":{"start":{"line":226,"column":2},"end":{"line":228,"column":3}},"50":{"start":{"line":227,"column":4},"end":{"line":227,"column":64}},"51":{"start":{"line":227,"column":60},"end":{"line":227,"column":62}},"52":{"start":{"line":229,"column":2},"end":{"line":229,"column":23}},"53":{"start":{"line":233,"column":2},"end":{"line":233,"column":35}},"54":{"start":{"line":233,"column":22},"end":{"line":233,"column":35}},"55":{"start":{"line":234,"column":2},"end":{"line":234,"column":49}},"56":{"start":{"line":234,"column":29},"end":{"line":234,"column":49}},"57":{"start":{"line":235,"column":2},"end":{"line":235,"column":15}},"58":{"start":{"line":244,"column":19},"end":{"line":244,"column":38}},"59":{"start":{"line":245,"column":21},"end":{"line":245,"column":48}},"60":{"start":{"line":246,"column":23},"end":{"line":246,"column":77}},"61":{"start":{"line":246,"column":46},"end":{"line":246,"column":76}},"62":{"start":{"line":249,"column":4},"end":{"line":252,"column":52}},"63":{"start":{"line":254,"column":2},"end":{"line":261,"column":4}},"64":{"start":{"line":276,"column":18},"end":{"line":282,"column":4}},"65":{"start":{"line":283,"column":2},"end":{"line":283,"column":93}},"66":{"start":{"line":283,"column":31},"end":{"line":283,"column":60}},"67":{"start":{"line":283,"column":73},"end":{"line":283,"column":91}},"68":{"start":{"line":292,"column":19},"end":{"line":292,"column":90}},"69":{"start":{"line":292,"column":55},"end":{"line":292,"column":89}},"70":{"start":{"line":293,"column":2},"end":{"line":293,"column":80}},"71":{"start":{"line":293,"column":68},"end":{"line":293,"column":80}},"72":{"start":{"line":296,"column":19},"end":{"line":300,"column":38}},"73":{"start":{"line":300,"column":16},"end":{"line":300,"column":37}},"74":{"start":{"line":301,"column":16},"end":{"line":301,"column":67}},"75":{"start":{"line":301,"column":42},"end":{"line":301,"column":66}},"76":{"start":{"line":302,"column":2},"end":{"line":302,"column":32}},"77":{"start":{"line":302,"column":20},"end":{"line":302,"column":32}},"78":{"start":{"line":303,"column":2},"end":{"line":303,"column":37}},"79":{"start":{"line":319,"column":17},"end":{"line":319,"column":85}},"80":{"start":{"line":320,"column":2},"end":{"line":325,"column":6}},"81":{"start":{"line":320,"column":32},"end":{"line":325,"column":3}}},"fnMap":{"0":{"name":"fallbackImage","decl":{"start":{"line":54,"column":9},"end":{"line":54,"column":22}},"loc":{"start":{"line":54,"column":66},"end":{"line":63,"column":1}},"line":54},"1":{"name":"quizImage","decl":{"start":{"line":69,"column":9},"end":{"line":69,"column":18}},"loc":{"start":{"line":72,"column":23},"end":{"line":75,"column":1}},"line":72},"2":{"name":"toCard","decl":{"start":{"line":77,"column":9},"end":{"line":77,"column":15}},"loc":{"start":{"line":77,"column":71},"end":{"line":86,"column":1}},"line":77},"3":{"name":"toTheoryItem","decl":{"start":{"line":88,"column":9},"end":{"line":88,"column":21}},"loc":{"start":{"line":88,"column":64},"end":{"line":95,"column":1}},"line":88},"4":{"name":"fetchTodayData","decl":{"start":{"line":119,"column":22},"end":{"line":119,"column":36}},"loc":{"start":{"line":119,"column":94},"end":{"line":184,"column":1}},"line":119},"5":{"name":"(anonymous_5)","decl":{"start":{"line":124,"column":32},"end":{"line":124,"column":33}},"loc":{"start":{"line":124,"column":38},"end":{"line":124,"column":40}},"line":124},"6":{"name":"(anonymous_6)","decl":{"start":{"line":125,"column":60},"end":{"line":125,"column":61}},"loc":{"start":{"line":125,"column":66},"end":{"line":125,"column":68}},"line":125},"7":{"name":"(anonymous_7)","decl":{"start":{"line":130,"column":44},"end":{"line":130,"column":45}},"loc":{"start":{"line":130,"column":51},"end":{"line":130,"column":80}},"line":130},"8":{"name":"(anonymous_8)","decl":{"start":{"line":131,"column":40},"end":{"line":131,"column":41}},"loc":{"start":{"line":131,"column":47},"end":{"line":131,"column":76}},"line":131},"9":{"name":"(anonymous_9)","decl":{"start":{"line":149,"column":25},"end":{"line":149,"column":26}},"loc":{"start":{"line":149,"column":32},"end":{"line":149,"column":50}},"line":149},"10":{"name":"(anonymous_10)","decl":{"start":{"line":152,"column":39},"end":{"line":152,"column":40}},"loc":{"start":{"line":152,"column":46},"end":{"line":152,"column":77}},"line":152},"11":{"name":"(anonymous_11)","decl":{"start":{"line":158,"column":37},"end":{"line":158,"column":38}},"loc":{"start":{"line":158,"column":44},"end":{"line":158,"column":62}},"line":158},"12":{"name":"(anonymous_12)","decl":{"start":{"line":162,"column":51},"end":{"line":162,"column":52}},"loc":{"start":{"line":162,"column":68},"end":{"line":165,"column":3}},"line":162},"13":{"name":"pickHeroTest","decl":{"start":{"line":194,"column":16},"end":{"line":194,"column":28}},"loc":{"start":{"line":194,"column":104},"end":{"line":211,"column":1}},"line":194},"14":{"name":"(anonymous_14)","decl":{"start":{"line":195,"column":41},"end":{"line":195,"column":42}},"loc":{"start":{"line":195,"column":50},"end":{"line":195,"column":59}},"line":195},"15":{"name":"(anonymous_15)","decl":{"start":{"line":197,"column":23},"end":{"line":197,"column":24}},"loc":{"start":{"line":197,"column":30},"end":{"line":197,"column":66}},"line":197},"16":{"name":"(anonymous_16)","decl":{"start":{"line":198,"column":23},"end":{"line":198,"column":24}},"loc":{"start":{"line":198,"column":30},"end":{"line":198,"column":39}},"line":198},"17":{"name":"getCategoriesCached","decl":{"start":{"line":225,"column":15},"end":{"line":225,"column":34}},"loc":{"start":{"line":225,"column":62},"end":{"line":230,"column":1}},"line":225},"18":{"name":"(anonymous_18)","decl":{"start":{"line":227,"column":54},"end":{"line":227,"column":55}},"loc":{"start":{"line":227,"column":60},"end":{"line":227,"column":62}},"line":227},"19":{"name":"toVehicleType","decl":{"start":{"line":232,"column":9},"end":{"line":232,"column":22}},"loc":{"start":{"line":232,"column":62},"end":{"line":236,"column":1}},"line":232},"20":{"name":"fetchTestDetail","decl":{"start":{"line":243,"column":22},"end":{"line":243,"column":37}},"loc":{"start":{"line":243,"column":76},"end":{"line":262,"column":1}},"line":243},"21":{"name":"(anonymous_21)","decl":{"start":{"line":246,"column":39},"end":{"line":246,"column":40}},"loc":{"start":{"line":246,"column":46},"end":{"line":246,"column":76}},"line":246},"22":{"name":"fetchTestsByCategory","decl":{"start":{"line":269,"column":22},"end":{"line":269,"column":42}},"loc":{"start":{"line":273,"column":28},"end":{"line":284,"column":1}},"line":273},"23":{"name":"(anonymous_23)","decl":{"start":{"line":283,"column":24},"end":{"line":283,"column":25}},"loc":{"start":{"line":283,"column":31},"end":{"line":283,"column":60}},"line":283},"24":{"name":"(anonymous_24)","decl":{"start":{"line":283,"column":66},"end":{"line":283,"column":67}},"loc":{"start":{"line":283,"column":73},"end":{"line":283,"column":91}},"line":283},"25":{"name":"fetchNextTest","decl":{"start":{"line":291,"column":22},"end":{"line":291,"column":35}},"loc":{"start":{"line":291,"column":83},"end":{"line":304,"column":1}},"line":291},"26":{"name":"(anonymous_26)","decl":{"start":{"line":292,"column":49},"end":{"line":292,"column":50}},"loc":{"start":{"line":292,"column":55},"end":{"line":292,"column":89}},"line":292},"27":{"name":"(anonymous_27)","decl":{"start":{"line":300,"column":10},"end":{"line":300,"column":11}},"loc":{"start":{"line":300,"column":16},"end":{"line":300,"column":37}},"line":300},"28":{"name":"(anonymous_28)","decl":{"start":{"line":301,"column":35},"end":{"line":301,"column":36}},"loc":{"start":{"line":301,"column":42},"end":{"line":301,"column":66}},"line":301},"29":{"name":"fetchTheoryList","decl":{"start":{"line":317,"column":22},"end":{"line":317,"column":37}},"loc":{"start":{"line":317,"column":102},"end":{"line":326,"column":1}},"line":317},"30":{"name":"(anonymous_30)","decl":{"start":{"line":320,"column":20},"end":{"line":320,"column":21}},"loc":{"start":{"line":320,"column":32},"end":{"line":325,"column":3}},"line":320}},"branchMap":{"0":{"loc":{"start":{"line":73,"column":14},"end":{"line":73,"column":60}},"type":"binary-expr","locations":[{"start":{"line":73,"column":14},"end":{"line":73,"column":36}},{"start":{"line":73,"column":40},"end":{"line":73,"column":60}}],"line":73},"1":{"loc":{"start":{"line":74,"column":9},"end":{"line":74,"column":52}},"type":"cond-expr","locations":[{"start":{"line":74,"column":15},"end":{"line":74,"column":27}},{"start":{"line":74,"column":30},"end":{"line":74,"column":52}}],"line":74},"2":{"loc":{"start":{"line":84,"column":18},"end":{"line":84,"column":50}},"type":"binary-expr","locations":[{"start":{"line":84,"column":18},"end":{"line":84,"column":44}},{"start":{"line":84,"column":48},"end":{"line":84,"column":50}}],"line":84},"3":{"loc":{"start":{"line":92,"column":10},"end":{"line":92,"column":50}},"type":"cond-expr","locations":[{"start":{"line":92,"column":25},"end":{"line":92,"column":31}},{"start":{"line":92,"column":34},"end":{"line":92,"column":50}}],"line":92},"4":{"loc":{"start":{"line":93,"column":12},"end":{"line":93,"column":43}},"type":"cond-expr","locations":[{"start":{"line":93,"column":27},"end":{"line":93,"column":35}},{"start":{"line":93,"column":38},"end":{"line":93,"column":43}}],"line":93},"5":{"loc":{"start":{"line":136,"column":4},"end":{"line":136,"column":43}},"type":"if","locations":[{"start":{"line":136,"column":4},"end":{"line":136,"column":43}},{"start":{},"end":{}}],"line":136},"6":{"loc":{"start":{"line":137,"column":4},"end":{"line":137,"column":72}},"type":"if","locations":[{"start":{"line":137,"column":4},"end":{"line":137,"column":72}},{"start":{},"end":{}}],"line":137},"7":{"loc":{"start":{"line":143,"column":4},"end":{"line":143,"column":57}},"type":"if","locations":[{"start":{"line":143,"column":4},"end":{"line":143,"column":57}},{"start":{},"end":{}}],"line":143},"8":{"loc":{"start":{"line":145,"column":4},"end":{"line":145,"column":51}},"type":"if","locations":[{"start":{"line":145,"column":4},"end":{"line":145,"column":51}},{"start":{},"end":{}}],"line":145},"9":{"loc":{"start":{"line":145,"column":8},"end":{"line":145,"column":40}},"type":"binary-expr","locations":[{"start":{"line":145,"column":8},"end":{"line":145,"column":16}},{"start":{"line":145,"column":20},"end":{"line":145,"column":40}}],"line":145},"10":{"loc":{"start":{"line":153,"column":30},"end":{"line":153,"column":90}},"type":"cond-expr","locations":[{"start":{"line":153,"column":45},"end":{"line":153,"column":78}},{"start":{"line":153,"column":81},"end":{"line":153,"column":90}}],"line":153},"11":{"loc":{"start":{"line":154,"column":2},"end":{"line":160,"column":3}},"type":"if","locations":[{"start":{"line":154,"column":2},"end":{"line":160,"column":3}},{"start":{},"end":{}}],"line":154},"12":{"loc":{"start":{"line":154,"column":6},"end":{"line":154,"column":75}},"type":"binary-expr","locations":[{"start":{"line":154,"column":6},"end":{"line":154,"column":18}},{"start":{"line":154,"column":22},"end":{"line":154,"column":41}},{"start":{"line":154,"column":45},"end":{"line":154,"column":75}}],"line":154},"13":{"loc":{"start":{"line":167,"column":19},"end":{"line":167,"column":41}},"type":"binary-expr","locations":[{"start":{"line":167,"column":19},"end":{"line":167,"column":33}},{"start":{"line":167,"column":37},"end":{"line":167,"column":41}}],"line":167},"14":{"loc":{"start":{"line":168,"column":41},"end":{"line":177,"column":10}},"type":"cond-expr","locations":[{"start":{"line":169,"column":6},"end":{"line":176,"column":7}},{"start":{"line":177,"column":6},"end":{"line":177,"column":10}}],"line":168},"15":{"loc":{"start":{"line":197,"column":4},"end":{"line":200,"column":8}},"type":"binary-expr","locations":[{"start":{"line":197,"column":4},"end":{"line":197,"column":67}},{"start":{"line":198,"column":4},"end":{"line":198,"column":40}},{"start":{"line":199,"column":4},"end":{"line":199,"column":20}},{"start":{"line":200,"column":4},"end":{"line":200,"column":8}}],"line":197},"16":{"loc":{"start":{"line":197,"column":30},"end":{"line":197,"column":66}},"type":"binary-expr","locations":[{"start":{"line":197,"column":30},"end":{"line":197,"column":39}},{"start":{"line":197,"column":43},"end":{"line":197,"column":66}}],"line":197},"17":{"loc":{"start":{"line":202,"column":9},"end":{"line":210,"column":10}},"type":"cond-expr","locations":[{"start":{"line":203,"column":6},"end":{"line":209,"column":7}},{"start":{"line":210,"column":6},"end":{"line":210,"column":10}}],"line":202},"18":{"loc":{"start":{"line":226,"column":2},"end":{"line":228,"column":3}},"type":"if","locations":[{"start":{"line":226,"column":2},"end":{"line":228,"column":3}},{"start":{},"end":{}}],"line":226},"19":{"loc":{"start":{"line":233,"column":2},"end":{"line":233,"column":35}},"type":"if","locations":[{"start":{"line":233,"column":2},"end":{"line":233,"column":35}},{"start":{},"end":{}}],"line":233},"20":{"loc":{"start":{"line":234,"column":2},"end":{"line":234,"column":49}},"type":"if","locations":[{"start":{"line":234,"column":2},"end":{"line":234,"column":49}},{"start":{},"end":{}}],"line":234},"21":{"loc":{"start":{"line":249,"column":4},"end":{"line":252,"column":52}},"type":"binary-expr","locations":[{"start":{"line":249,"column":4},"end":{"line":249,"column":29}},{"start":{"line":250,"column":4},"end":{"line":252,"column":52}}],"line":249},"22":{"loc":{"start":{"line":250,"column":35},"end":{"line":250,"column":71}},"type":"binary-expr","locations":[{"start":{"line":250,"column":35},"end":{"line":250,"column":55}},{"start":{"line":250,"column":59},"end":{"line":250,"column":71}}],"line":250},"23":{"loc":{"start":{"line":251,"column":6},"end":{"line":251,"column":43}},"type":"binary-expr","locations":[{"start":{"line":251,"column":6},"end":{"line":251,"column":30}},{"start":{"line":251,"column":34},"end":{"line":251,"column":43}}],"line":251},"24":{"loc":{"start":{"line":252,"column":7},"end":{"line":252,"column":49}},"type":"cond-expr","locations":[{"start":{"line":252,"column":20},"end":{"line":252,"column":44}},{"start":{"line":252,"column":47},"end":{"line":252,"column":49}}],"line":252},"25":{"loc":{"start":{"line":260,"column":18},"end":{"line":260,"column":50}},"type":"binary-expr","locations":[{"start":{"line":260,"column":18},"end":{"line":260,"column":44}},{"start":{"line":260,"column":48},"end":{"line":260,"column":50}}],"line":260},"26":{"loc":{"start":{"line":293,"column":2},"end":{"line":293,"column":80}},"type":"if","locations":[{"start":{"line":293,"column":2},"end":{"line":293,"column":80}},{"start":{},"end":{}}],"line":293},"27":{"loc":{"start":{"line":293,"column":6},"end":{"line":293,"column":66}},"type":"binary-expr","locations":[{"start":{"line":293,"column":6},"end":{"line":293,"column":11}},{"start":{"line":293,"column":15},"end":{"line":293,"column":29}},{"start":{"line":293,"column":33},"end":{"line":293,"column":51}},{"start":{"line":293,"column":55},"end":{"line":293,"column":66}}],"line":293},"28":{"loc":{"start":{"line":302,"column":2},"end":{"line":302,"column":32}},"type":"if","locations":[{"start":{"line":302,"column":2},"end":{"line":302,"column":32}},{"start":{},"end":{}}],"line":302},"29":{"loc":{"start":{"line":303,"column":9},"end":{"line":303,"column":36}},"type":"binary-expr","locations":[{"start":{"line":303,"column":9},"end":{"line":303,"column":28}},{"start":{"line":303,"column":32},"end":{"line":303,"column":36}}],"line":303},"30":{"loc":{"start":{"line":323,"column":17},"end":{"line":323,"column":43}},"type":"binary-expr","locations":[{"start":{"line":323,"column":17},"end":{"line":323,"column":30}},{"start":{"line":323,"column":34},"end":{"line":323,"column":43}}],"line":323}},"s":{"0":6,"1":6,"2":6,"3":6,"4":4,"5":3,"6":1,"7":3,"8":1,"9":0,"10":2,"11":5,"12":2,"13":5,"14":2,"15":2,"16":3,"17":3,"18":0,"19":3,"20":3,"21":3,"22":2,"23":2,"24":3,"25":1,"26":2,"27":2,"28":0,"29":2,"30":2,"31":2,"32":3,"33":2,"34":2,"35":1,"36":1,"37":2,"38":3,"39":2,"40":2,"41":2,"42":3,"43":2,"44":3,"45":5,"46":2,"47":3,"48":1,"49":0,"50":0,"51":0,"52":0,"53":0,"54":0,"55":0,"56":0,"57":0,"58":0,"59":0,"60":0,"61":0,"62":0,"63":0,"64":2,"65":1,"66":2,"67":1,"68":0,"69":0,"70":0,"71":0,"72":0,"73":0,"74":0,"75":0,"76":0,"77":0,"78":0,"79":2,"80":1,"81":2},"f":{"0":6,"1":6,"2":4,"3":3,"4":3,"5":1,"6":0,"7":5,"8":5,"9":2,"10":3,"11":1,"12":3,"13":3,"14":2,"15":5,"16":2,"17":0,"18":0,"19":0,"20":0,"21":0,"22":2,"23":2,"24":1,"25":0,"26":0,"27":0,"28":0,"29":2,"30":2},"b":{"0":[6,6],"1":[0,6],"2":[4,0],"3":[1,2],"4":[1,2],"5":[0,3],"6":[3,0],"7":[1,2],"8":[0,2],"9":[2,2],"10":[1,1],"11":[1,1],"12":[2,1,1],"13":[2,0],"14":[2,0],"15":[3,2,1,1],"16":[5,3],"17":[2,1],"18":[0,0],"19":[0,0],"20":[0,0],"21":[0,0],"22":[0,0],"23":[0,0],"24":[0,0],"25":[0,0],"26":[0,0],"27":[0,0,0,0],"28":[0,0],"29":[0,0],"30":[2,1]},"_coverageSchema":"1a1c01bbd47fc00a2c39e90264f33305004495a9","hash":"7659ebb7923c9aeaf712fb06f4b7917dc6b0f750"}
}
