TN:
SF:components/error-boundary.tsx
FN:28,(anonymous_0)
FN:32,(anonymous_1)
FN:38,(anonymous_2)
FN:42,(anonymous_3)
FNF:4
FNH:4
FNDA:2,(anonymous_0)
FNDA:1,(anonymous_1)
FNDA:1,(anonymous_2)
FNDA:6,(anonymous_3)
DA:26,3
DA:29,2
DA:35,1
DA:38,3
DA:39,1
DA:43,6
DA:44,6
DA:46,2
LF:8
LH:8
BRDA:44,0,0,4
BRDA:44,0,1,2
BRDA:59,1,0,2
BRDA:59,1,1,0
BRDA:64,2,0,2
BRDA:64,2,1,0
BRF:6
BRH:4
end_of_record
TN:
SF:components/ui/empty-state.tsx
FN:25,EmptyState
FNF:1
FNH:1
FNDA:3,EmptyState
DA:33,3
DA:35,3
LF:2
LH:2
BRDA:26,0,0,3
BRDA:36,1,0,3
BRDA:36,1,1,3
BRDA:41,2,0,0
BRDA:41,2,1,3
BRDA:47,3,0,1
BRDA:47,3,1,2
BRDA:52,4,0,1
BRDA:52,4,1,2
BRDA:52,5,0,3
BRDA:52,5,1,1
BRF:11
BRH:10
end_of_record
TN:
SF:components/ui/error-state.tsx
FN:24,ErrorState
FNF:1
FNH:1
FNDA:5,ErrorState
DA:32,5
LF:1
LH:1
BRDA:25,0,0,2
BRDA:26,1,0,2
BRDA:28,2,0,3
BRDA:29,3,0,3
BRDA:33,4,0,5
BRDA:33,4,1,5
BRDA:43,5,0,3
BRDA:43,5,1,2
BRF:8
BRH:8
end_of_record
TN:
SF:components/ui/loading-state.tsx
FN:16,LoadingState
FNF:1
FNH:1
FNDA:1,LoadingState
DA:17,1
LF:1
LH:1
BRDA:18,0,0,1
BRDA:18,0,1,1
BRDA:20,1,0,1
BRDA:20,1,1,0
BRF:4
BRH:3
end_of_record
TN:
SF:hooks/use-async.ts
FN:31,useAsync
FN:52,(anonymous_1)
FN:58,(anonymous_2)
FN:60,(anonymous_3)
FN:63,(anonymous_4)
FN:64,(anonymous_5)
FN:67,(anonymous_6)
FN:74,(anonymous_7)
FN:81,(anonymous_8)
FN:87,(anonymous_9)
FN:87,(anonymous_10)
FNF:11
FNH:11
FNDA:20,useAsync
FNDA:7,(anonymous_1)
FNDA:6,(anonymous_2)
FNDA:5,(anonymous_3)
FNDA:1,(anonymous_4)
FNDA:1,(anonymous_5)
FNDA:6,(anonymous_6)
FNDA:7,(anonymous_7)
FNDA:7,(anonymous_8)
FNDA:2,(anonymous_9)
FNDA:2,(anonymous_10)
DA:36,20
DA:38,20
DA:45,20
DA:49,20
DA:50,20
DA:52,20
DA:53,7
DA:54,1
DA:55,1
DA:57,6
DA:58,6
DA:59,6
DA:61,5
DA:64,1
DA:67,6
DA:68,6
DA:74,20
DA:75,7
DA:76,7
DA:80,20
DA:82,7
DA:83,0
DA:87,20
DA:89,20
LF:24
LH:23
BRDA:34,0,0,18
BRDA:36,1,0,18
BRDA:36,2,0,20
BRDA:39,3,0,18
BRDA:39,3,1,2
BRDA:53,4,0,1
BRDA:53,4,1,6
BRDA:61,5,0,5
BRDA:61,5,1,0
BRDA:64,6,0,1
BRDA:64,6,1,0
BRDA:75,7,0,0
BRDA:75,7,1,7
BRDA:82,8,0,7
BRDA:82,8,1,0
BRF:15
BRH:11
end_of_record
TN:
SF:hooks/use-form-errors.ts
FN:12,useFormErrors
FN:15,(anonymous_1)
FN:16,(anonymous_2)
FN:25,(anonymous_3)
FNF:4
FNH:4
FNDA:9,useFormErrors
FNDA:2,(anonymous_1)
FNDA:2,(anonymous_2)
FNDA:5,(anonymous_3)
DA:13,9
DA:15,9
DA:16,2
DA:17,2
DA:18,1
DA:19,1
DA:20,1
DA:25,9
DA:27,9
LF:9
LH:9
BRDA:12,0,0,8
BRDA:17,1,0,1
BRDA:17,1,1,1
BRF:3
BRH:3
end_of_record
TN:
SF:lib/validation.ts
FN:14,validateRequired
FN:19,validateEmail
FN:27,validatePasswordPresent
FN:33,validateNewPassword
FN:41,validateMatch
FN:55,collectErrors
FNF:6
FNH:6
FNDA:4,validateRequired
FNDA:11,validateEmail
FNDA:5,validatePasswordPresent
FNDA:3,validateNewPassword
FNDA:3,validateMatch
FNDA:2,collectErrors
DA:9,1
DA:12,1
DA:15,4
DA:16,2
DA:20,11
DA:21,11
DA:22,9
DA:23,4
DA:28,5
DA:29,3
DA:34,3
DA:35,2
DA:36,1
DA:38,1
DA:46,3
DA:47,1
DA:58,2
DA:59,2
DA:60,5
DA:62,2
LF:20
LH:20
BRDA:15,0,0,2
BRDA:15,0,1,2
BRDA:21,1,0,2
BRDA:21,1,1,9
BRDA:22,2,0,5
BRDA:22,2,1,4
BRDA:28,3,0,2
BRDA:28,3,1,3
BRDA:34,4,0,1
BRDA:34,4,1,2
BRDA:35,5,0,1
BRDA:35,5,1,1
BRDA:44,6,0,2
BRDA:46,7,0,2
BRDA:46,7,1,1
BRDA:60,8,0,2
BRDA:60,8,1,3
BRF:17
BRH:17
end_of_record
TN:
SF:services/api/progressService.ts
FN:33,(anonymous_0)
FN:43,fetchProgressSummary
FN:50,(anonymous_2)
FN:54,(anonymous_3)
FN:57,(anonymous_4)
FN:58,(anonymous_5)
FN:61,(anonymous_6)
FN:62,(anonymous_7)
FN:64,(anonymous_8)
FN:68,(anonymous_9)
FN:69,(anonymous_10)
FN:73,(anonymous_11)
FN:74,(anonymous_12)
FN:82,(anonymous_13)
FN:83,(anonymous_14)
FN:85,(anonymous_15)
FN:88,(anonymous_16)
FN:89,(anonymous_17)
FNF:18
FNH:18
FNDA:10,(anonymous_0)
FNDA:4,fetchProgressSummary
FNDA:1,(anonymous_2)
FNDA:1,(anonymous_3)
FNDA:6,(anonymous_4)
FNDA:6,(anonymous_5)
FNDA:5,(anonymous_6)
FNDA:5,(anonymous_7)
FNDA:1,(anonymous_8)
FNDA:4,(anonymous_9)
FNDA:1,(anonymous_10)
FNDA:1,(anonymous_11)
FNDA:1,(anonymous_12)
FNDA:4,(anonymous_13)
FNDA:4,(anonymous_14)
FNDA:1,(anonymous_15)
FNDA:1,(anonymous_16)
FNDA:1,(anonymous_17)
DA:33,10
DA:47,4
DA:48,4
DA:50,1
DA:54,1
DA:57,6
DA:58,6
DA:61,5
DA:62,5
DA:64,3
DA:65,3
DA:68,4
DA:69,1
DA:73,3
DA:74,1
DA:77,3
DA:79,3
DA:82,4
DA:83,4
DA:85,1
DA:88,1
DA:89,1
LF:22
LH:22
BRDA:33,0,0,10
BRDA:33,0,1,0
BRDA:65,1,0,3
BRDA:65,1,1,1
BRDA:68,2,0,3
BRDA:68,2,1,1
BRDA:68,2,2,0
BRDA:68,2,3,0
BRDA:68,3,0,4
BRDA:68,3,1,2
BRDA:73,4,0,3
BRDA:73,4,1,3
BRDA:73,4,2,2
BRDA:73,4,3,2
BRDA:73,5,0,1
BRDA:73,5,1,0
BRDA:77,6,0,3
BRDA:77,6,1,2
BRDA:80,7,0,1
BRDA:80,7,1,2
BRDA:81,8,0,3
BRDA:81,8,1,1
BRDA:92,9,0,3
BRDA:92,9,1,0
BRDA:93,10,0,1
BRDA:93,10,1,2
BRDA:94,11,0,1
BRDA:94,11,1,2
BRDA:95,12,0,3
BRDA:95,12,1,2
BRF:30
BRH:25
end_of_record
TN:
SF:services/api/todayService.ts
FN:54,fallbackImage
FN:69,quizImage
FN:77,toCard
FN:88,toTheoryItem
FN:119,fetchTodayData
FN:124,(anonymous_5)
FN:125,(anonymous_6)
FN:130,(anonymous_7)
FN:131,(anonymous_8)
FN:149,(anonymous_9)
FN:152,(anonymous_10)
FN:158,(anonymous_11)
FN:162,(anonymous_12)
FN:194,pickHeroTest
FN:195,(anonymous_14)
FN:197,(anonymous_15)
FN:198,(anonymous_16)
FN:225,getCategoriesCached
FN:227,(anonymous_18)
FN:232,toVehicleType
FN:243,fetchTestDetail
FN:246,(anonymous_21)
FN:269,fetchTestsByCategory
FN:283,(anonymous_23)
FN:283,(anonymous_24)
FN:291,fetchNextTest
FN:292,(anonymous_26)
FN:300,(anonymous_27)
FN:301,(anonymous_28)
FN:317,fetchTheoryList
FN:320,(anonymous_30)
FNF:31
FNH:21
FNDA:6,fallbackImage
FNDA:6,quizImage
FNDA:4,toCard
FNDA:3,toTheoryItem
FNDA:3,fetchTodayData
FNDA:1,(anonymous_5)
FNDA:0,(anonymous_6)
FNDA:5,(anonymous_7)
FNDA:5,(anonymous_8)
FNDA:2,(anonymous_9)
FNDA:3,(anonymous_10)
FNDA:1,(anonymous_11)
FNDA:3,(anonymous_12)
FNDA:3,pickHeroTest
FNDA:2,(anonymous_14)
FNDA:5,(anonymous_15)
FNDA:2,(anonymous_16)
FNDA:0,getCategoriesCached
FNDA:0,(anonymous_18)
FNDA:0,toVehicleType
FNDA:0,fetchTestDetail
FNDA:0,(anonymous_21)
FNDA:2,fetchTestsByCategory
FNDA:2,(anonymous_23)
FNDA:1,(anonymous_24)
FNDA:0,fetchNextTest
FNDA:0,(anonymous_26)
FNDA:0,(anonymous_27)
FNDA:0,(anonymous_28)
FNDA:2,fetchTheoryList
FNDA:2,(anonymous_30)
DA:55,6
DA:60,6
DA:73,6
DA:74,6
DA:78,4
DA:89,3
DA:100,1
DA:120,3
DA:124,1
DA:125,0
DA:130,5
DA:131,5
DA:133,2
DA:134,2
DA:135,3
DA:136,3
DA:137,3
DA:138,3
DA:141,2
DA:142,2
DA:143,3
DA:144,2
DA:145,2
DA:146,2
DA:149,2
DA:152,3
DA:153,2
DA:154,2
DA:155,1
DA:158,1
DA:162,3
DA:167,2
DA:168,2
DA:179,2
DA:195,3
DA:197,5
DA:198,2
DA:202,3
DA:224,1
DA:226,0
DA:227,0
DA:229,0
DA:233,0
DA:234,0
DA:235,0
DA:244,0
DA:245,0
DA:246,0
DA:249,0
DA:254,0
DA:276,2
DA:283,2
DA:292,0
DA:293,0
DA:296,0
DA:300,0
DA:301,0
DA:302,0
DA:303,0
DA:319,2
DA:320,2
LF:61
LH:42
BRDA:73,0,0,6
BRDA:73,0,1,6
BRDA:74,1,0,0
BRDA:74,1,1,6
BRDA:84,2,0,4
BRDA:84,2,1,0
BRDA:92,3,0,1
BRDA:92,3,1,2
BRDA:93,4,0,1
BRDA:93,4,1,2
BRDA:136,5,0,0
BRDA:136,5,1,3
BRDA:137,6,0,3
BRDA:137,6,1,0
BRDA:143,7,0,1
BRDA:143,7,1,2
BRDA:145,8,0,0
BRDA:145,8,1,2
BRDA:145,9,0,2
BRDA:145,9,1,2
BRDA:153,10,0,1
BRDA:153,10,1,1
BRDA:154,11,0,1
BRDA:154,11,1,1
BRDA:154,12,0,2
BRDA:154,12,1,1
BRDA:154,12,2,1
BRDA:167,13,0,2
BRDA:167,13,1,0
BRDA:168,14,0,2
BRDA:168,14,1,0
BRDA:197,15,0,3
BRDA:197,15,1,2
BRDA:197,15,2,1
BRDA:197,15,3,1
BRDA:197,16,0,5
BRDA:197,16,1,3
BRDA:202,17,0,2
BRDA:202,17,1,1
BRDA:226,18,0,0
BRDA:226,18,1,0
BRDA:233,19,0,0
BRDA:233,19,1,0
BRDA:234,20,0,0
BRDA:234,20,1,0
BRDA:249,21,0,0
BRDA:249,21,1,0
BRDA:250,22,0,0
BRDA:250,22,1,0
BRDA:251,23,0,0
BRDA:251,23,1,0
BRDA:252,24,0,0
BRDA:252,24,1,0
BRDA:260,25,0,0
BRDA:260,25,1,0
BRDA:293,26,0,0
BRDA:293,26,1,0
BRDA:293,27,0,0
BRDA:293,27,1,0
BRDA:293,27,2,0
BRDA:293,27,3,0
BRDA:302,28,0,0
BRDA:302,28,1,0
BRDA:303,29,0,0
BRDA:303,29,1,0
BRDA:323,30,0,2
BRDA:323,30,1,1
BRF:67
BRH:34
end_of_record
